Allocating fake data...
...done

detected frequency (SEISSOL_PROXY_FREQUENCY): 2100.000000
=================================================
===            PERFORMANCE SUMMARY            ===
=================================================
seissol proxy mode                  : neigh
time for seissol proxy              : 20.056757
cycles                              : 42119189700.000000

GFLOP (libxsmm)                     : 0.000000
GFLOP (non-zero) for seissol proxy  : 8549.584488
GFLOP (hardware) for seissol proxy  : 23328.000000
GiB (estimate) for seissol proxy    : 2494.454384

FLOPS/cycle (non-zero)              : 202.985493
FLOPS/cycle (hardware)              : 553.856809
Bytes/cycle (estimate)              : 63.590967

GFLOPS (non-zero) for seissol proxy : 426.269535
GFLOPS (hardware) for seissol proxy : 1163.099299
GiB/s (estimate) for seissol proxy  : 124.369776
=================================================

