Allocating fake data...
...done

detected frequency (SEISSOL_PROXY_FREQUENCY): 2100.000000
=================================================
===            PERFORMANCE SUMMARY            ===
=================================================
seissol proxy mode                  : neigh
time for seissol proxy              : 13.711794
cycles                              : 28794767400.000000

GFLOP (libxsmm)                     : 0.000000
GFLOP (non-zero) for seissol proxy  : 4399.787812
GFLOP (hardware) for seissol proxy  : 11116.800000
GiB (estimate) for seissol proxy    : 1850.724220

FLOPS/cycle (non-zero)              : 152.798172
FLOPS/cycle (hardware)              : 386.070144
Bytes/cycle (estimate)              : 69.012539

GFLOPS (non-zero) for seissol proxy : 320.876160
GFLOPS (hardware) for seissol proxy : 810.747303
GiB/s (estimate) for seissol proxy  : 134.973164
=================================================

