Allocating fake data...
...done

detected frequency (SEISSOL_PROXY_FREQUENCY): 2100.000000
=================================================
===            PERFORMANCE SUMMARY            ===
=================================================
seissol proxy mode                  : neigh
time for seissol proxy              : 33.119475
cycles                              : 69550897500.000000

GFLOP (libxsmm)                     : 0.000000
GFLOP (non-zero) for seissol proxy  : 15354.365904
GFLOP (hardware) for seissol proxy  : 45619.200000
GiB (estimate) for seissol proxy    : 3781.914711

FLOPS/cycle (non-zero)              : 220.764454
FLOPS/cycle (hardware)              : 655.911018
Bytes/cycle (estimate)              : 58.386019

GFLOPS (non-zero) for seissol proxy : 463.605353
GFLOPS (hardware) for seissol proxy : 1377.413138
GiB/s (estimate) for seissol proxy  : 114.190056
=================================================

