Allocating fake data...
...done

detected frequency (SEISSOL_PROXY_FREQUENCY): 2100.000000
=================================================
===            PERFORMANCE SUMMARY            ===
=================================================
seissol proxy mode                  : neigh
time for seissol proxy              : 8.574371
cycles                              : 18006179100.000000

GFLOP (libxsmm)                     : 0.000000
GFLOP (non-zero) for seissol proxy  : 2100.411990
GFLOP (hardware) for seissol proxy  : 6220.800000
GiB (estimate) for seissol proxy    : 1206.994057

FLOPS/cycle (non-zero)              : 116.649511
FLOPS/cycle (hardware)              : 345.481402
Bytes/cycle (estimate)              : 71.975292

GFLOPS (non-zero) for seissol proxy : 244.963973
GFLOPS (hardware) for seissol proxy : 725.510944
GiB/s (estimate) for seissol proxy  : 140.767650
=================================================

