Allocating fake data...
...done

done
detected frequency (SEISSOL_PROXY_FREQUENCY): 2100.000000
=================================================
===            PERFORMANCE SUMMARY            ===
=================================================
seissol proxy mode                  : all
time for seissol proxy              : 127.251610
cycles                              : 267228381000.000000

GFLOP (non-zero) for seissol proxy  : 81813.203154
GFLOP (hardware) for seissol proxy  : 200844.000000
GiB (estimate) for seissol proxy    : 5974.620581

FLOPS/cycle (non-zero)              : 306.154619
FLOPS/cycle (hardware)              : 751.581846
Bytes/cycle (estimate)              : 24.006432

GFLOPS (non-zero) for seissol proxy : 642.924700
GFLOPS (hardware) for seissol proxy : 1578.321877
GiB/s (estimate) for seissol proxy  : 46.951238
=================================================

