Allocating fake data...
...done

detected frequency (SEISSOL_PROXY_FREQUENCY): 2100.000000
=================================================
===            PERFORMANCE SUMMARY            ===
=================================================
seissol proxy mode                  : all
time for seissol proxy              : 89.554390
cycles                              : 188064219000.000000

GFLOP (libxsmm)                     : 0.000000
GFLOP (non-zero) for seissol proxy  : 51708.965904
GFLOP (hardware) for seissol proxy  : 164584.800000
GiB (estimate) for seissol proxy    : 6745.755672

FLOPS/cycle (non-zero)              : 274.953769
FLOPS/cycle (hardware)              : 875.152120
Bytes/cycle (estimate)              : 38.514503

GFLOPS (non-zero) for seissol proxy : 577.402916
GFLOPS (hardware) for seissol proxy : 1837.819453
GiB/s (estimate) for seissol proxy  : 75.325796
=================================================

