Allocating fake data...
...done

detected frequency (SEISSOL_PROXY_FREQUENCY): 2100.000000
=================================================
===            PERFORMANCE SUMMARY            ===
=================================================
seissol proxy mode                  : all
time for seissol proxy              : 48.928681
cycles                              : 102750230100.000000

GFLOP (libxsmm)                     : 0.000000
GFLOP (non-zero) for seissol proxy  : 26079.784488
GFLOP (hardware) for seissol proxy  : 78372.000000
GiB (estimate) for seissol proxy    : 4599.988461

FLOPS/cycle (non-zero)              : 253.817285
FLOPS/cycle (hardware)              : 762.742817
Bytes/cycle (estimate)              : 48.069965

GFLOPS (non-zero) for seissol proxy : 533.016300
GFLOPS (hardware) for seissol proxy : 1601.759917
GiB/s (estimate) for seissol proxy  : 94.014152
=================================================

