Allocating fake data...
...done

detected frequency (SEISSOL_PROXY_FREQUENCY): 2100.000000
=================================================
===            PERFORMANCE SUMMARY            ===
=================================================
seissol proxy mode                  : all
time for seissol proxy              : 17.859596
cycles                              : 37505151600.000000

GFLOP (libxsmm)                     : 0.000000
GFLOP (non-zero) for seissol proxy  : 5295.411990
GFLOP (hardware) for seissol proxy  : 16984.800000
GiB (estimate) for seissol proxy    : 2454.221249

FLOPS/cycle (non-zero)              : 141.191590
FLOPS/cycle (hardware)              : 452.865787
Bytes/cycle (estimate)              : 70.262348

GFLOPS (non-zero) for seissol proxy : 296.502339
GFLOPS (hardware) for seissol proxy : 951.018153
GiB/s (estimate) for seissol proxy  : 137.417512
=================================================

